<?xml version="1.0" encoding="UTF-8"?>
<!-- Generated by org.testng.reporters.JUnitXMLReporter -->
<testsuite ignored="0" hostname="wws-cpu-202208-13" failures="1" tests="1" name="Surefire test" time="63.39" errors="0" timestamp="2025-03-28T15:54:14 IST">
  <testcase classname="com.flinki.ProfileCreationTest" name="ProfileCreation" time="53.363">
    <failure type="org.openqa.selenium.InvalidArgumentException" message="invalid argument: File not found : Flinki/flinkiproject/src/main/java/com/flinki/Resources/Images/image.png
  (Session info: chrome=131.0.6778.204)
Build info: version: &amp;apos;4.29.0&amp;apos;, revision: &amp;apos;5fc1ec94cb&amp;apos;
System info: os.name: &amp;apos;Linux&amp;apos;, os.arch: &amp;apos;amd64&amp;apos;, os.version: &amp;apos;6.8.0-52-generic&amp;apos;, java.version: &amp;apos;23.0.1&amp;apos;
Driver info: org.openqa.selenium.chrome.ChromeDriver
Command: [1cb81a2c3976fe7bb77dac4d219e988d, sendKeysToElement {id=f.66D19177DE125688AE0B3DF28F446223.d.C562CEB17D3043F8BF81D127B3268949.e.579, value=[Ljava.lang.CharSequence;@33eab2e8}]
Capabilities {acceptInsecureCerts: false, browserName: chrome, browserVersion: 131.0.6778.204, chrome: {chromedriverVersion: 131.0.6778.264 (2d05e315153..., userDataDir: /tmp/.org.chromium.Chromium...}, fedcm:accounts: true, goog:chromeOptions: {debuggerAddress: localhost:33927}, networkConnectionEnabled: false, pageLoadStrategy: normal, platformName: linux, proxy: Proxy(), se:cdp: ws://localhost:33927/devtoo..., se:cdpVersion: 131.0.6778.204, setWindowRect: true, strictFileInteractability: false, timeouts: {implicit: 0, pageLoad: 300000, script: 30000}, unhandledPromptBehavior: dismiss and notify, webauthn:extension:credBlob: true, webauthn:extension:largeBlob: true, webauthn:extension:minPinLength: true, webauthn:extension:prf: true, webauthn:virtualAuthenticators: true}
Element: [[ChromeDriver: chrome on linux (1cb81a2c3976fe7bb77dac4d219e988d)] -&amp;gt; xpath: //input[@type=&amp;apos;file&amp;apos;]]
Session ID: 1cb81a2c3976fe7bb77dac4d219e988d">
      <![CDATA[org.openqa.selenium.InvalidArgumentException: invalid argument: File not found : Flinki/flinkiproject/src/main/java/com/flinki/Resources/Images/image.png
  (Session info: chrome=131.0.6778.204)
Build info: version: '4.29.0', revision: '5fc1ec94cb'
System info: os.name: 'Linux', os.arch: 'amd64', os.version: '6.8.0-52-generic', java.version: '23.0.1'
Driver info: org.openqa.selenium.chrome.ChromeDriver
Command: [1cb81a2c3976fe7bb77dac4d219e988d, sendKeysToElement {id=f.66D19177DE125688AE0B3DF28F446223.d.C562CEB17D3043F8BF81D127B3268949.e.579, value=[Ljava.lang.CharSequence;@33eab2e8}]
Capabilities {acceptInsecureCerts: false, browserName: chrome, browserVersion: 131.0.6778.204, chrome: {chromedriverVersion: 131.0.6778.264 (2d05e315153..., userDataDir: /tmp/.org.chromium.Chromium...}, fedcm:accounts: true, goog:chromeOptions: {debuggerAddress: localhost:33927}, networkConnectionEnabled: false, pageLoadStrategy: normal, platformName: linux, proxy: Proxy(), se:cdp: ws://localhost:33927/devtoo..., se:cdpVersion: 131.0.6778.204, setWindowRect: true, strictFileInteractability: false, timeouts: {implicit: 0, pageLoad: 300000, script: 30000}, unhandledPromptBehavior: dismiss and notify, webauthn:extension:credBlob: true, webauthn:extension:largeBlob: true, webauthn:extension:minPinLength: true, webauthn:extension:prf: true, webauthn:virtualAuthenticators: true}
Element: [[ChromeDriver: chrome on linux (1cb81a2c3976fe7bb77dac4d219e988d)] -> xpath: //input[@type='file']]
Session ID: 1cb81a2c3976fe7bb77dac4d219e988d
at org.openqa.selenium.remote.ErrorCodec.decode(ErrorCodec.java:167)
at org.openqa.selenium.remote.codec.w3c.W3CHttpResponseCodec.decode(W3CHttpResponseCodec.java:138)
at org.openqa.selenium.remote.codec.w3c.W3CHttpResponseCodec.decode(W3CHttpResponseCodec.java:50)
at org.openqa.selenium.remote.HttpCommandExecutor.execute(HttpCommandExecutor.java:215)
at org.openqa.selenium.remote.service.DriverCommandExecutor.invokeExecute(DriverCommandExecutor.java:216)
at org.openqa.selenium.remote.service.DriverCommandExecutor.execute(DriverCommandExecutor.java:174)
at org.openqa.selenium.remote.RemoteWebDriver.execute(RemoteWebDriver.java:545)
at org.openqa.selenium.remote.RemoteWebElement.execute(RemoteWebElement.java:223)
at org.openqa.selenium.remote.RemoteWebElement.sendKeys(RemoteWebElement.java:110)
at org.openqa.selenium.support.pagefactory.internal.LocatingElementHandler.invoke(LocatingElementHandler.java:51)
at jdk.proxy2/jdk.proxy2.$Proxy9.sendKeys(Unknown Source)
at com.flinki.Pages.ProfileCreation.addNewraceEvent(ProfileCreation.java:143)
at com.flinki.ProfileCreationTest.ProfileCreation(ProfileCreationTest.java:23)
at java.base/java.util.ArrayList.forEach(ArrayList.java:1597)
... Removed 35 stack frames]]>
    </failure>
  </testcase> <!-- ProfileCreation -->
</testsuite> <!-- Surefire test -->
